INFO "GET /admin?username=Hacker&password=Hacker HTTP/1.1" 301 0
INFO "GET /admin/?username=Hacker&password=Hacker HTTP/1.1" 200 5536
INFO "GET /static/admin/css/dashboard.css HTTP/1.1" 304 0
INFO "GET /static/admin/css/base.css HTTP/1.1" 304 0
INFO "GET /static/admin/css/responsive.css HTTP/1.1" 304 0
INFO "GET /static/admin/css/fonts.css HTTP/1.1" 304 0
INFO "GET /static/admin/img/icon-addlink.svg HTTP/1.1" 304 0
INFO "GET /static/admin/img/icon-changelink.svg HTTP/1.1" 304 0
INFO "GET /static/admin/fonts/Roboto-Light-webfont.woff HTTP/1.1" 304 0
INFO "GET /static/admin/fonts/Roboto-Regular-webfont.woff HTTP/1.1" 304 0
INFO "GET /static/admin/fonts/Roboto-Bold-webfont.woff HTTP/1.1" 304 0
INFO "GET /admin/logout/ HTTP/1.1" 200 1207
INFO "GET /admin/logout/ HTTP/1.1" 302 0
INFO "GET /admin/ HTTP/1.1" 302 0
INFO "GET /admin/login/?next=/admin/ HTTP/1.1" 200 1913
INFO "GET /static/admin/css/login.css HTTP/1.1" 304 0
INFO Watching for file changes with StatReloader
INFO "GET /get_version HTTP/1.1" 200 8619
INFO "GET /a10 HTTP/1.1" 200 8783
INFO "GET /a10_lab HTTP/1.1" 200 8336
WARNING Not Found: /debug.log
WARNING "GET /debug.log HTTP/1.1" 404 7841
INFO "GET /debug HTTP/1.1" 200 1165
INFO "GET /a9 HTTP/1.1" 200 10163
INFO "GET /a9_lab HTTP/1.1" 200 8608
INFO "POST /a9_lab HTTP/1.1" 200 8713
INFO "GET /get_version HTTP/1.1" 200 8619
INFO "GET /a9 HTTP/1.1" 200 10937
INFO "GET /static/Lab/xss.js HTTP/1.1" 304 0
INFO "GET /static/Lab/xss.js HTTP/1.1" 304 0
INFO "GET /a9_lab HTTP/1.1" 200 8608
INFO "POST /a9_lab HTTP/1.1" 200 8713
INFO "GET /a9_lab HTTP/1.1" 200 8608
INFO "GET /a9 HTTP/1.1" 200 10918
INFO "GET /a9 HTTP/1.1" 200 10902
INFO "GET /a9_lab HTTP/1.1" 200 8608
INFO "POST /a9_lab HTTP/1.1" 200 8713
INFO "GET /a9 HTTP/1.1" 200 10907
INFO "GET /a9 HTTP/1.1" 200 10911
INFO "GET /a9_lab HTTP/1.1" 200 8608
INFO "POST /a9_lab HTTP/1.1" 200 8694
INFO "POST /a9_lab HTTP/1.1" 200 8694
INFO "POST /a9_lab HTTP/1.1" 200 8694
INFO "POST /a9_lab HTTP/1.1" 200 8713
INFO A:\wsl\Pygoat\pygoat\pygoat\introduction\views.py changed, reloading.
INFO Watching for file changes with StatReloader
INFO "POST /a9_lab HTTP/1.1" 200 8713
INFO "POST /a9_lab HTTP/1.1" 200 8673
INFO "GET /a10 HTTP/1.1" 200 8783
INFO "GET /a9 HTTP/1.1" 200 10911
INFO "GET /a9 HTTP/1.1" 200 10961
INFO "GET /a9 HTTP/1.1" 200 10965
INFO "GET /a9 HTTP/1.1" 200 10843
INFO "GET / HTTP/1.1" 200 8157
INFO "GET /bau HTTP/1.1" 200 13031
INFO "GET /xxe HTTP/1.1" 200 12993
INFO "GET /ba HTTP/1.1" 200 10581
INFO "GET /ba HTTP/1.1" 200 10581
INFO "GET /ba HTTP/1.1" 200 10581
INFO "GET /sec_mis HTTP/1.1" 200 10639
INFO "GET /xss HTTP/1.1" 200 14803
INFO "GET /sec_mis HTTP/1.1" 200 10639
INFO "GET /insec_des HTTP/1.1" 200 11814
INFO "GET /a9 HTTP/1.1" 200 10843
INFO "GET /a10 HTTP/1.1" 200 8661
